2017-05-27 14:01:34,528 [Worker-12] INFO  o.e.m.c.i.l.LifecycleMappingFactory - Using org.eclipse.m2e.jdt.JarLifecycleMapping lifecycle mapping for MavenProject: Chapter-01-Spring-Introduction-and-Patterns:Chapter-01-Spring-Introduction-and-Patterns:0.0.1-SNAPSHOT @ D:\packt-book-workspace\Chapter-01-Spring-Introduction-and-Patterns\pom.xml.
2017-05-27 14:01:35,315 [Worker-12] INFO  o.e.m.j.i.AbstractJavaProjectConfigurator - Adding source folder /Chapter-01-Spring-Introduction-and-Patterns/src
2017-05-27 14:01:35,316 [Worker-12] INFO  o.e.m.j.i.AbstractJavaProjectConfigurator - Not adding source folder /Chapter-01-Spring-Introduction-and-Patterns/src/test/java because it overlaps with /Chapter-01-Spring-Introduction-and-Patterns/src
2017-05-27 14:01:35,855 [Worker-12] INFO  o.e.m.c.i.p.ProjectConfigurationManager - Imported and configured 1 project(s) in 3 sec
2017-05-27 14:01:38,996 [Worker-2] WARN  o.e.m.c.i.embedder.EclipseLogger - Using platform encoding (Cp1252 actually) to copy filtered resources, i.e. build is platform dependent!
2017-05-27 14:01:39,086 [Worker-2] INFO  o.e.m.c.i.embedder.EclipseLogger - skip non existing resourceDirectory D:\packt-book-workspace\Chapter-01-Spring-Introduction-and-Patterns\src\main\resources
2017-05-27 14:01:39,089 [Worker-2] WARN  o.e.m.c.i.embedder.EclipseLogger - Using platform encoding (Cp1252 actually) to copy filtered resources, i.e. build is platform dependent!
2017-05-27 14:01:39,103 [Worker-2] INFO  o.e.m.c.i.embedder.EclipseLogger - skip non existing resourceDirectory D:\packt-book-workspace\Chapter-01-Spring-Introduction-and-Patterns\src\test\resources
2017-05-27 14:31:56,978 [Worker-21] WARN  o.e.m.c.i.embedder.EclipseLogger - Using platform encoding (Cp1252 actually) to copy filtered resources, i.e. build is platform dependent!
2017-05-27 14:31:56,983 [Worker-21] INFO  o.e.m.c.i.embedder.EclipseLogger - skip non existing resourceDirectory D:\packt-book-workspace\Chapter-01-Spring-Introduction-and-Patterns\src\main\resources
2017-05-27 14:31:56,984 [Worker-21] WARN  o.e.m.c.i.embedder.EclipseLogger - Using platform encoding (Cp1252 actually) to copy filtered resources, i.e. build is platform dependent!
2017-05-27 14:31:56,989 [Worker-21] INFO  o.e.m.c.i.embedder.EclipseLogger - skip non existing resourceDirectory D:\packt-book-workspace\Chapter-01-Spring-Introduction-and-Patterns\src\test\resources
2017-05-27 14:32:48,220 [Worker-25] WARN  o.e.m.c.i.embedder.EclipseLogger - Using platform encoding (Cp1252 actually) to copy filtered resources, i.e. build is platform dependent!
2017-05-27 14:32:48,232 [Worker-25] INFO  o.e.m.c.i.embedder.EclipseLogger - skip non existing resourceDirectory D:\packt-book-workspace\Chapter-01-Spring-Introduction-and-Patterns\src\main\resources
2017-05-27 14:32:48,234 [Worker-25] WARN  o.e.m.c.i.embedder.EclipseLogger - Using platform encoding (Cp1252 actually) to copy filtered resources, i.e. build is platform dependent!
2017-05-27 14:32:48,242 [Worker-25] INFO  o.e.m.c.i.embedder.EclipseLogger - skip non existing resourceDirectory D:\packt-book-workspace\Chapter-01-Spring-Introduction-and-Patterns\src\test\resources
2017-05-27 14:33:42,971 [Worker-24] WARN  o.e.m.c.i.embedder.EclipseLogger - Using platform encoding (Cp1252 actually) to copy filtered resources, i.e. build is platform dependent!
2017-05-27 14:33:42,978 [Worker-24] INFO  o.e.m.c.i.embedder.EclipseLogger - skip non existing resourceDirectory D:\packt-book-workspace\Chapter-01-Spring-Introduction-and-Patterns\src\main\resources
2017-05-27 14:33:42,980 [Worker-24] WARN  o.e.m.c.i.embedder.EclipseLogger - Using platform encoding (Cp1252 actually) to copy filtered resources, i.e. build is platform dependent!
2017-05-27 14:33:42,987 [Worker-24] INFO  o.e.m.c.i.embedder.EclipseLogger - skip non existing resourceDirectory D:\packt-book-workspace\Chapter-01-Spring-Introduction-and-Patterns\src\test\resources
2017-05-27 14:34:56,310 [Worker-21] WARN  o.e.m.c.i.embedder.EclipseLogger - Using platform encoding (Cp1252 actually) to copy filtered resources, i.e. build is platform dependent!
2017-05-27 14:34:56,319 [Worker-21] INFO  o.e.m.c.i.embedder.EclipseLogger - skip non existing resourceDirectory D:\packt-book-workspace\Chapter-01-Spring-Introduction-and-Patterns\src\main\resources
2017-05-27 14:34:56,321 [Worker-21] WARN  o.e.m.c.i.embedder.EclipseLogger - Using platform encoding (Cp1252 actually) to copy filtered resources, i.e. build is platform dependent!
2017-05-27 14:34:56,345 [Worker-21] INFO  o.e.m.c.i.embedder.EclipseLogger - skip non existing resourceDirectory D:\packt-book-workspace\Chapter-01-Spring-Introduction-and-Patterns\src\test\resources
2017-05-27 14:35:33,142 [Worker-27] WARN  o.e.m.c.i.embedder.EclipseLogger - Using platform encoding (Cp1252 actually) to copy filtered resources, i.e. build is platform dependent!
2017-05-27 14:35:33,147 [Worker-27] INFO  o.e.m.c.i.embedder.EclipseLogger - skip non existing resourceDirectory D:\packt-book-workspace\Chapter-01-Spring-Introduction-and-Patterns\src\main\resources
2017-05-27 14:35:33,149 [Worker-27] WARN  o.e.m.c.i.embedder.EclipseLogger - Using platform encoding (Cp1252 actually) to copy filtered resources, i.e. build is platform dependent!
2017-05-27 14:35:33,154 [Worker-27] INFO  o.e.m.c.i.embedder.EclipseLogger - skip non existing resourceDirectory D:\packt-book-workspace\Chapter-01-Spring-Introduction-and-Patterns\src\test\resources
2017-05-28 00:46:17,908 [Worker-9] WARN  o.e.m.c.i.embedder.EclipseLogger - Using platform encoding (Cp1252 actually) to copy filtered resources, i.e. build is platform dependent!
2017-05-28 00:46:17,934 [Worker-9] INFO  o.e.m.c.i.embedder.EclipseLogger - skip non existing resourceDirectory D:\packt-book-workspace\Chapter-01-Spring-Introduction-and-Patterns\src\main\resources
2017-05-28 00:46:17,939 [Worker-9] WARN  o.e.m.c.i.embedder.EclipseLogger - Using platform encoding (Cp1252 actually) to copy filtered resources, i.e. build is platform dependent!
2017-05-28 00:46:17,954 [Worker-9] INFO  o.e.m.c.i.embedder.EclipseLogger - skip non existing resourceDirectory D:\packt-book-workspace\Chapter-01-Spring-Introduction-and-Patterns\src\test\resources
2017-05-29 00:50:31,702 [Worker-17] WARN  o.e.m.c.i.embedder.EclipseLogger - Using platform encoding (Cp1252 actually) to copy filtered resources, i.e. build is platform dependent!
2017-05-29 00:50:31,732 [Worker-17] INFO  o.e.m.c.i.embedder.EclipseLogger - skip non existing resourceDirectory D:\packt-book-workspace\Chapter-01-Spring-Introduction-and-Patterns\src\main\resources
2017-05-29 00:50:31,735 [Worker-17] WARN  o.e.m.c.i.embedder.EclipseLogger - Using platform encoding (Cp1252 actually) to copy filtered resources, i.e. build is platform dependent!
2017-05-29 00:50:31,750 [Worker-17] INFO  o.e.m.c.i.embedder.EclipseLogger - skip non existing resourceDirectory D:\packt-book-workspace\Chapter-01-Spring-Introduction-and-Patterns\src\test\resources
2017-05-30 00:26:32,059 [Worker-19] WARN  o.e.m.c.i.embedder.EclipseLogger - Using platform encoding (Cp1252 actually) to copy filtered resources, i.e. build is platform dependent!
2017-05-30 00:26:32,100 [Worker-19] INFO  o.e.m.c.i.embedder.EclipseLogger - skip non existing resourceDirectory D:\packt-book-workspace\Chapter-01-Spring-Introduction-and-Patterns\src\main\resources
2017-05-30 00:26:32,103 [Worker-19] WARN  o.e.m.c.i.embedder.EclipseLogger - Using platform encoding (Cp1252 actually) to copy filtered resources, i.e. build is platform dependent!
2017-05-30 00:26:32,113 [Worker-19] INFO  o.e.m.c.i.embedder.EclipseLogger - skip non existing resourceDirectory D:\packt-book-workspace\Chapter-01-Spring-Introduction-and-Patterns\src\test\resources
2017-05-30 10:42:03,880 [Worker-15] WARN  o.e.m.c.i.embedder.EclipseLogger - Using platform encoding (Cp1252 actually) to copy filtered resources, i.e. build is platform dependent!
2017-05-30 10:42:03,908 [Worker-15] INFO  o.e.m.c.i.embedder.EclipseLogger - skip non existing resourceDirectory D:\packt-book-workspace\Chapter-01-Spring-Introduction-and-Patterns\src\main\resources
2017-05-30 10:42:03,912 [Worker-15] WARN  o.e.m.c.i.embedder.EclipseLogger - Using platform encoding (Cp1252 actually) to copy filtered resources, i.e. build is platform dependent!
2017-05-30 10:42:03,931 [Worker-15] INFO  o.e.m.c.i.embedder.EclipseLogger - skip non existing resourceDirectory D:\packt-book-workspace\Chapter-01-Spring-Introduction-and-Patterns\src\test\resources
2017-05-31 19:16:16,309 [Worker-6] WARN  o.e.m.c.i.embedder.EclipseLogger - Using platform encoding (Cp1252 actually) to copy filtered resources, i.e. build is platform dependent!
2017-05-31 19:16:16,329 [Worker-6] INFO  o.e.m.c.i.embedder.EclipseLogger - skip non existing resourceDirectory D:\packt-book-workspace\Chapter-01-Spring-Introduction-and-Patterns\src\main\resources
2017-05-31 19:16:16,331 [Worker-6] WARN  o.e.m.c.i.embedder.EclipseLogger - Using platform encoding (Cp1252 actually) to copy filtered resources, i.e. build is platform dependent!
2017-05-31 19:16:16,342 [Worker-6] INFO  o.e.m.c.i.embedder.EclipseLogger - skip non existing resourceDirectory D:\packt-book-workspace\Chapter-01-Spring-Introduction-and-Patterns\src\test\resources
2017-06-01 00:27:43,992 [Worker-18] WARN  o.e.m.c.i.embedder.EclipseLogger - Using platform encoding (Cp1252 actually) to copy filtered resources, i.e. build is platform dependent!
2017-06-01 00:27:44,006 [Worker-18] INFO  o.e.m.c.i.embedder.EclipseLogger - skip non existing resourceDirectory D:\packt-book-workspace\Chapter-01-Spring-Introduction-and-Patterns\src\main\resources
2017-06-01 00:27:44,009 [Worker-18] WARN  o.e.m.c.i.embedder.EclipseLogger - Using platform encoding (Cp1252 actually) to copy filtered resources, i.e. build is platform dependent!
2017-06-01 00:27:44,023 [Worker-18] INFO  o.e.m.c.i.embedder.EclipseLogger - skip non existing resourceDirectory D:\packt-book-workspace\Chapter-01-Spring-Introduction-and-Patterns\src\test\resources
2017-06-03 12:36:46,695 [Worker-11] WARN  o.e.m.c.i.embedder.EclipseLogger - Using platform encoding (Cp1252 actually) to copy filtered resources, i.e. build is platform dependent!
2017-06-03 12:36:46,714 [Worker-11] INFO  o.e.m.c.i.embedder.EclipseLogger - skip non existing resourceDirectory D:\packt-book-workspace\Chapter-01-Spring-Introduction-and-Patterns\src\main\resources
2017-06-03 12:36:46,716 [Worker-11] WARN  o.e.m.c.i.embedder.EclipseLogger - Using platform encoding (Cp1252 actually) to copy filtered resources, i.e. build is platform dependent!
2017-06-03 12:36:46,721 [Worker-11] INFO  o.e.m.c.i.embedder.EclipseLogger - skip non existing resourceDirectory D:\packt-book-workspace\Chapter-01-Spring-Introduction-and-Patterns\src\test\resources
2017-06-05 18:50:17,971 [Worker-2] WARN  o.e.m.c.i.embedder.EclipseLogger - Using platform encoding (Cp1252 actually) to copy filtered resources, i.e. build is platform dependent!
2017-06-05 18:50:17,984 [Worker-2] INFO  o.e.m.c.i.embedder.EclipseLogger - skip non existing resourceDirectory D:\packt-book-workspace\Chapter-01-Spring-Introduction-and-Patterns\src\main\resources
2017-06-05 18:50:17,986 [Worker-2] WARN  o.e.m.c.i.embedder.EclipseLogger - Using platform encoding (Cp1252 actually) to copy filtered resources, i.e. build is platform dependent!
2017-06-05 18:50:17,994 [Worker-2] INFO  o.e.m.c.i.embedder.EclipseLogger - skip non existing resourceDirectory D:\packt-book-workspace\Chapter-01-Spring-Introduction-and-Patterns\src\test\resources
2017-06-06 16:45:31,282 [Worker-17] WARN  o.e.m.c.i.embedder.EclipseLogger - Using platform encoding (Cp1252 actually) to copy filtered resources, i.e. build is platform dependent!
2017-06-06 16:45:31,308 [Worker-17] INFO  o.e.m.c.i.embedder.EclipseLogger - skip non existing resourceDirectory D:\packt-book-workspace\Chapter-01-Spring-Introduction-and-Patterns\src\main\resources
2017-06-06 16:45:31,315 [Worker-17] WARN  o.e.m.c.i.embedder.EclipseLogger - Using platform encoding (Cp1252 actually) to copy filtered resources, i.e. build is platform dependent!
2017-06-06 16:45:31,326 [Worker-17] INFO  o.e.m.c.i.embedder.EclipseLogger - skip non existing resourceDirectory D:\packt-book-workspace\Chapter-01-Spring-Introduction-and-Patterns\src\test\resources
2017-06-06 20:03:53,736 [Worker-3] WARN  o.e.m.c.i.embedder.EclipseLogger - Using platform encoding (Cp1252 actually) to copy filtered resources, i.e. build is platform dependent!
2017-06-06 20:03:53,762 [Worker-3] INFO  o.e.m.c.i.embedder.EclipseLogger - skip non existing resourceDirectory D:\packt-book-workspace\Chapter-01-Spring-Introduction-and-Patterns\src\main\resources
2017-06-06 20:03:53,765 [Worker-3] WARN  o.e.m.c.i.embedder.EclipseLogger - Using platform encoding (Cp1252 actually) to copy filtered resources, i.e. build is platform dependent!
2017-06-06 20:03:53,774 [Worker-3] INFO  o.e.m.c.i.embedder.EclipseLogger - skip non existing resourceDirectory D:\packt-book-workspace\Chapter-01-Spring-Introduction-and-Patterns\src\test\resources
2017-06-08 00:30:12,809 [Worker-0] WARN  o.e.m.c.i.embedder.EclipseLogger - Using platform encoding (Cp1252 actually) to copy filtered resources, i.e. build is platform dependent!
2017-06-08 00:30:12,823 [Worker-0] INFO  o.e.m.c.i.embedder.EclipseLogger - skip non existing resourceDirectory D:\packt-book-workspace\Chapter-01-Spring-Introduction-and-Patterns\src\main\resources
2017-06-08 00:30:12,825 [Worker-0] WARN  o.e.m.c.i.embedder.EclipseLogger - Using platform encoding (Cp1252 actually) to copy filtered resources, i.e. build is platform dependent!
2017-06-08 00:30:12,830 [Worker-0] INFO  o.e.m.c.i.embedder.EclipseLogger - skip non existing resourceDirectory D:\packt-book-workspace\Chapter-01-Spring-Introduction-and-Patterns\src\test\resources
